2018-07-25 17:18:53,513 - ATAT - INFO - atat.log
2018-07-25 17:18:53,514 - ATAT - INFO - Input audio path is valid
2018-07-25 17:18:53,514 - ATAT - INFO - output path entered valid
2018-07-25 17:18:53,515 - ATAT - INFO - Trying to connect to router
2018-07-25 17:18:53,519 - ATAT - INFO - router_config.yml successfully parsed
2018-07-25 17:18:56,032 - ATAT - INFO - Logged in to router
2018-07-25 17:18:56,033 - ATAT - INFO - Creating audio stream
2018-07-25 17:18:56,033 - ATAT - INFO - usb pnp device detected, device: {'name': 'Microphone (3- USB PnP Sound Device)', 'hostapi': 1, 'max_input_channels': 2, 'max_output_channels': 0, 'default_low_input_latency': 0.12, 'default_low_output_latency': 0.0, 'default_high_input_latency': 0.24, 'default_high_output_latency': 0.0, 'default_samplerate': 44100.0}
2018-07-25 17:18:56,039 - ATAT - INFO - usb pnp device detected, device: {'name': 'Microphone (USB PnP Sound Device)', 'hostapi': 1, 'max_input_channels': 2, 'max_output_channels': 0, 'default_low_input_latency': 0.12, 'default_low_output_latency': 0.0, 'default_high_input_latency': 0.24, 'default_high_output_latency': 0.0, 'default_samplerate': 44100.0}
2018-07-25 17:18:56,039 - ATAT - INFO - usb pnp device detected, device: {'name': 'Speakers (3- USB PnP Sound Device)', 'hostapi': 1, 'max_input_channels': 0, 'max_output_channels': 2, 'default_low_input_latency': 0.0, 'default_low_output_latency': 0.12, 'default_high_input_latency': 0.0, 'default_high_output_latency': 0.24, 'default_samplerate': 44100.0}
2018-07-25 17:18:56,040 - ATAT - INFO - usb pnp device detected, device: {'name': 'Speakers (USB PnP Sound Device)', 'hostapi': 1, 'max_input_channels': 0, 'max_output_channels': 2, 'default_low_input_latency': 0.0, 'default_low_output_latency': 0.12, 'default_high_input_latency': 0.0, 'default_high_output_latency': 0.24, 'default_samplerate': 44100.0}
2018-07-25 17:18:56,040 - ATAT - INFO - usb combinations that will not be checked at indices: [0, 1, 4, 5]
2018-07-25 17:18:56,040 - ATAT - INFO - Usb pnp combinations to be tested: [[11, 19], [13, 17]]
2018-07-25 17:18:56,040 - ATAT - INFO - Stream opened at [11, 19]
2018-07-25 17:18:56,793 - ATAT - INFO - test signal correlation between input and output was high enough to suggest a call has been started
2018-07-25 17:18:56,793 - ATAT - INFO - Audio initialized, contining
2018-07-25 17:18:56,794 - ATAT - INFO - Created stream
2018-07-25 17:18:56,795 - ATAT - INFO - concatenating 2500ms of silence to input
2018-07-25 17:18:56,803 - ATAT - INFO - Concatenated Silence to end of input files, location: C:\Users\dm2\AccessionATF\input_output\quick_test\padded_audio
2018-07-25 17:18:58,109 - ATAT - INFO - recordings directory setup at C:\Users\dm2\AccessionATF\ATAT_GitLab\Jitter_Buffer_Testing\new_repo_testing\output
2018-07-25 17:18:58,110 - ATAT - INFO - command generator object not initialized, not initializing
2018-07-25 17:18:58,110 - ATAT - INFO - call to generator object
2018-07-25 17:18:58,110 - ATAT - INFO - Current condition: {'loss': {'type': 'random', 'value': 20}, 'delay': {'time': 200, 'jitter': 'normal', 'distribution': 50}}
2018-07-25 17:18:58,110 - ATAT - INFO - command: tc qdisc add dev wlan-sta root netem loss random 20 delay 200ms 50ms distribution normal
2018-07-25 17:18:58,168 - ATAT - INFO - Request for current network conditions
2018-07-25 17:19:12,809 - ATAT - INFO - Played and recored audio
2018-07-25 17:19:12,809 - ATAT - INFO - Calculating latency
2018-07-25 17:19:41,178 - ATAT - INFO - cross correlation latency: 11.886875, cross correlation coefficient: 0.0
2018-07-25 17:19:41,184 - ATAT - INFO - call to generator object
2018-07-25 17:19:41,184 - ATAT - INFO - Current condition: {'loss': {'type': 'gemodel', 'value': '1 3'}, 'delay': {'time': 90, 'jitter': 'normal', 'distribution': 22}}
2018-07-25 17:19:41,184 - ATAT - INFO - command: tc qdisc add dev wlan-sta root netem loss gemodel 1 3 delay 90ms 22ms distribution normal
2018-07-25 17:19:41,237 - ATAT - INFO - Request for current network conditions
2018-07-25 17:19:55,914 - ATAT - INFO - Played and recored audio
2018-07-25 17:19:55,915 - ATAT - INFO - Calculating latency
2018-07-25 17:20:24,672 - ATAT - INFO - cross correlation latency: 11.8870625, cross correlation coefficient: 0.0
2018-07-25 17:20:24,678 - ATAT - INFO - command generator has raised stop iteration
2018-07-25 17:20:24,788 - ATAT - INFO - stream closed
2018-07-25 17:20:24,815 - ATAT - INFO - End Process
